make.exe all --print-data-base --no-builtin-variables --no-builtin-rules --question
# GNU Make 3.82.90
# Built for i686-pc-mingw32
# Copyright (C) 1988-2012 Free Software Foundation, Inc.
# License GPLv3+: GNU GPL version 3 or later <http://gnu.org/licenses/gpl.html>
# This is free software: you are free to change and redistribute it.
# There is NO WARRANTY, to the extent permitted by law.
 

# Make data base, printed on Thu May 19 21:04:56 2022

# Variables

# automatic
<D = $(patsubst %/,%,$(patsubst %\,%,$(dir $<)))
# automatic
?F = $(notdir $?)
# default
.SHELLFLAGS := -c
# makefile
MAKEFLAGS = Rrqp
# environment
VSCODE_LOG_NATIVE = false
# automatic
?D = $(patsubst %/,%,$(patsubst %\,%,$(dir $?)))
# automatic
@D = $(patsubst %/,%,$(patsubst %\,%,$(dir $@)))
# environment
HOMEDRIVE = C:
# automatic
@F = $(notdir $@)
# automatic
^D = $(patsubst %/,%,$(patsubst %\,%,$(dir $^)))
# makefile
CUR 
DIR := d:/Usuario/Escritorio/Uandes/apuntes Universidad/Programacion Bajo Nivel/Labs/tarea3
# default
SHELL := sh.exe
# environment
WINDIR = C:\Windows
# environment
VSCODE_NLS_CONFIG = {"locale":"es-419","availableLanguages":{},"_languagePackSupport":true}
# environment
ONEDRIVE = C:\Users\laloc\OneDrive
# environment
PATHEXT = .COM;.EXE;.BAT;.CMD;.VBS;.VBE;.JS;.JSE;.WSF;.WSH;.MSC
# makefile (from 'makefile', line 1)
MAKEFILE_LIST :=  makefile
# environment
FPS_BROWSER_USER_PROFILE_STRING = Default
# environment
TMP = C:\Users\laloc\AppData\Local\Temp
# environment
VSCODE_VERBOSE_LOGGING = true
# environment
PROGRAMW6432 = C:\Program Files
# environment
PROGRAMDATA = C:\ProgramData
# environment
VSCODE_IPC_HOOK_EXTHOST = \\.\pipe\vscode-ipc-9060f07f-3288-4802-84ca-8699e0aa5a02-sock
# environment
VSCODE_CWD = C:\Windows\system32
# environment
PATH = C:\Program Files (x86)\Common Files\Oracle\Java\javapath;C:\Windows\system32;C:\Windows;C:\Windows\System32\Wbem;C:\Windows\System32\WindowsPowerShell\v1.0\;C:\Windows\System32\OpenSSH\;C:\Program Files\NVIDIA Corporation\NVIDIA NvDLISR;C:\Program Files (x86)\NVIDIA Corporation\PhysX\Common;C:\Program Files (x86)\QuickTime\QTSystem\;C:\msys64\mingw64\bin;C:\Program Files\Git\cmd;C:\Program Files\nodejs\;C:\Users\laloc\AppData\Local\Microsoft\WindowsApps;C:\Users\laloc\AppData\Local\Programs\Microsoft VS Code\bin;C:\Users\laloc\AppData\Roaming\npm;C:\MinGW\bin
# makefile (from 'makefile', line 2)
flags = 
# environment
COMMONPROGRAMW6432 = C:\Program Files\Common Files
# environment
PROCESSOR_ARCHITECTURE = x86
# environment
USERPROFILE = C:\Users\laloc
# environment
ALLUSERSPROFILE = C:\ProgramData
# environment
VSCODE_LOG_STACK = false
# environment
NUMBER_OF_PROCESSORS = 4
# environment
ELECTRON_RUN_AS_NODE = 1
# default
.FEATURES := target-specific order-only second-expansion else-if shortest-stem undefine oneshell archives jobserver
# automatic
%F = $(notdir $%)
# environment
CHROME_CRASHPAD_PIPE_NAME = \\.\pipe\crashpad_9028_ACDIXVZKMZZNJYDK
# environment
VSCODE_PIPE_LOGGING = true
# environment
COMPUTERNAME = DESKTOP-H61KKO2
# environment
PROGRAMFILES = C:\Program Files (x86)
# environment
DRIVERDATA = C:\Windows\System32\Drivers\DriverData
# environment
ASL.LOG = Destination=file
# environment
ORIGINAL_XDG_CURRENT_DESKTOP = undefined
# environment
USERNAME = laloc
# environment
PUBLIC = C:\Users\Public
# environment
VSCODE_AMD_ENTRYPOINT = vs/workbench/api/node/extensionHostProcess
# environment
VSCODE_CODE_CACHE_PATH = C:\Users\laloc\AppData\Roaming\Code\CachedData\da15b6fd3ef856477bf6f4fb29ba1b7af717770d
# environment
APPLICATION_INSIGHTS_NO_DIAGNOSTIC_CHANNEL = 1
# environment
COMMONPROGRAMFILES = C:\Program Files (x86)\Common Files
# environment
LOGONSERVER = \\DESKTOP-H61KKO2
# environment
VSCODE_HANDLES_UNCAUGHT_ERRORS = true
# environment
USERDOMAIN = DESKTOP-H61KKO2
# environment
MAKELEVEL := 0
# default
MAKE = $(MAKE_COMMAND)
# default
MAKECMDGOALS := all
# makefile (from 'makefile', line 1)
CC = g++
# default
MAKE_VERSION := 3.82.90
# makefile
.DEFAULT_GO 
AL := p
# environment
CLASSPATH = .;C:\Program Files (x86)\Java\jre1.8.0_311\lib\ext\QTJava.zip
# environment
PROGRAMFILES(X86) = C:\Program Files (x86)
# automatic
%D = $(patsubst %/,%,$(patsubst %\,%,$(dir $%)))
# environment
LOCALAPPDATA = C:\Users\laloc\AppData\Local
# environment
PSMODULEPATH = %ProgramFiles%\WindowsPowerShell\Modules;C:\Windows\system32\WindowsPowerShell\v1.0\Modules
# default
MAKE_COMMAND := make.exe
# environment
PROCESSOR_ARCHITEW6432 = AMD64
# default
.VARIABLES := 
# automatic
*F 
 = $(notdir $*)
# environment
PROCESSOR_IDENTIFIER = Intel64 Family 6 Model 158 Stepping 9, GenuineIntel
# environment
OS = Windows_NT
# environment
VSCODE_IPC_HOOK = \\.\pipe\94928da9fbd846aafef21553ff6a4487-1.67.1-main-sock
# environment
QTJAVA = C:\Program Files (x86)\Java\jre1.8.0_311\lib\ext\QTJava.zip
# environment
HOMEPATH = \Users\laloc
# environment
COMMONPROGRAMFILES(X86) = C:\Program Files (x86)\Common Files
# environment
PROMPT = $P$G
# environment
MFLAGS = -Rrqp
# automatic
*D = $(patsubst %/,% 
,$(patsubst %\,%,$(dir $*)))
# environment
SYSTEMROOT = C:\Windows
# automatic
+D = $(patsubst %/,%,$(patsubst %\,%,$(dir $+)))
# automatic
+F = $(notdir $+)
# environment
APPDATA = C:\Users\laloc\AppData\Roaming
# environment
TEMP = C:\Users\laloc\AppData\Local\Temp
# environment
COMSPEC = C:\Windows\system32\cmd.exe
# default
MAKEFILES := 
# automatic
<F = $(notdir $<)
# environment
LC_ALL = C
# automatic
^F = $(notdir $^)
# default
SUFFIXES := 
# environment
SYSTEMDRIVE = C:
# environment
PROCESSOR_REVIS 
ION = 9e09
# default
.RECIPEPREFIX := 
# environment
LANG = C
# environment
PROCESSOR_LEVEL = 6
# environment
FPS_BROWSER_APP_PROFILE_STRING = Internet Explorer
# environment
VSCODE_PID = 9028
# environment
USERDOMAIN_ROAMINGPROFILE = DESKTOP-H61KKO2
# variable set hash-table stats:
# Load=94/1024=9%, Rehash=0, Collisions=11/112=10%

# Pattern-specific Variable Values

# No pattern-specific variable values.

# Directories

# C:\Users\laloc\AppData\Roaming\npm (key C:/Users/laloc/AppData/Roaming/npm, mtime 1 
652202051): 2 files, no impossibilities.
# C:\Program Files\NVIDIA Corporation\NVIDIA NvDLISR (key C:/Program Files/NVIDIA Corporation/NVIDIA NvDLISR, mtime 1635686280): 5 files, no impossibilities.
# C:\Windows\System32\WindowsPowerShell\v1.0\ (key C:/Windows/System32/WindowsPowerShell/v1.0/, mtime 1635663400): 32 files, no impossibilities.
# . (key d:/Usuario/Escritorio/Uandes/apuntes Universidad/Programacion Bajo Nivel/Labs/tarea3, mtime 1653008695): 15 files, no impossibilities.
# C:\Users\laloc\AppData 
\Local\Microsoft\WindowsApps (key C:/Users/laloc/AppData/Local/Microsoft/WindowsApps, mtime 1647791710): 24 files, no impossibilities.
# C:\Program Files (x86)\Common Files\Oracle\Java\javapath (key C:/Program Files (x86)/Common Files/Oracle/Java/javapath, mtime 1638758528): 5 files, no impossibilities.
# C:\Program Files\Git\cmd (key C:/Program Files/Git/cmd, mtime 1650406329): 8 files, no impossibilities.
# C:\Windows\System32\OpenSSH\: could not be stat'd.
# C:\Users\laloc\AppData\Local\Programs\Microsof 
t VS Code\bin (key C:/Users/laloc/AppData/Local/Programs/Microsoft VS Code/bin, mtime 1652409859): 4 files, no impossibilities.
# C:\MinGW\bin (key C:/MinGW/bin, mtime 1652721223): 8 files, no impossibilities.
# C:\Program Files (x86)\NVIDIA Corporation\PhysX\Common (key C:/Program Files (x86)/NVIDIA Corporation/PhysX/Common, mtime 1635686455): 10 files, no impossibilities.
# C:\Windows (key C:/Windows, mtime 1652591208): 114 files, no impossibilities.
# C:\Windows\System32\Wbem (key C:/Windows/System32/Wbe 
m, mtime 1652591209): 174 files, no impossibilities.
# C:\Program Files\nodejs\ (key C:/Program Files/nodejs/, mtime 1652202055): 13 files, no impossibilities.
# C:\msys64\mingw64\bin (key C:/msys64/mingw64/bin, mtime 1652719349): 175 files, no impossibilities.
# C:\Program Files (x86)\QuickTime\QTSystem\ (key C:/Program Files (x86)/QuickTime/QTSystem/, mtime 1637953395): 65 files, no impossibilities.
# C:\Windows\system32 (key C:/Windows/system32, mtime 1652591760): 3017 files, no impossibilities.

# 3671  
files, no impossibilities in 17 directories.

# Implicit Rules

# No implicit rules.

# Files

# Not a target:
all:
#  Command line target.
#  Implicit rule search has been done.
#  File does not exist.
#  File has not been updated.

p: main.o peleador.o
#  Implicit rule search has not been done.
#  Modification time never checked.
#  File has not been updated.
#  recipe to execute (from 'makefile', line 5):
	$(CC) $(flags) -o p main.o peleador.o

peleador.o: peleador.cpp
#  Implicit rule search has not bee 
n done.
#  Modification time never checked.
#  File has not been updated.
#  recipe to execute (from 'makefile', line 10):
	$(CC) $(flags) -c peleador.cpp -o peleador.o

# Not a target:
.SUFFIXES:
#  Implicit rule search has not been done.
#  Modification time never checked.
#  File has not been updated.

# Not a target:
makefile:
#  Implicit rule search has been done.
#  Last modified 2022-05-19 21:04:34
#  File has been updated.
#  Successfully updated.

# Not a target:
main.cpp:
#  Implicit rule search h 
as not been done.
#  Modification time never checked.
#  File has not been updated.

# Not a target:
.DEFAULT:
#  Implicit rule search has not been done.
#  Modification time never checked.
#  File has not been updated.

run: p
#  Implicit rule search has not been done.
#  Modification time never checked.
#  File has not been updated.
#  recipe to execute (from 'makefile', line 13):
	./p

clean:
#  Implicit rule search has not been done.
#  Modification time never checked.
#  File has not been updated.
#  r 
ecipe to execute (from 'makefile', line 16):
	rm *.o p

# Not a target:
peleador.cpp:
#  Implicit rule search has not been done.
#  Modification time never checked.
#  File has not been updated.

main.o: main.cpp
#  Implicit rule search has not been done.
#  Modification time never checked.
#  File has not been updated.
#  recipe to execute (from 'makefile', line 7):
	$(CC) $(flags) -c main.cpp -o main.o

# files hash-table stats:
# Load=11/1024=1%, Rehash=0, Collisions=0/28=0%
# VPATH Search Paths

# No 'v 
path' search paths.

# No general ('VPATH' variable) search path.

# strcache buffers: 7 (6) / strings = 3631 / storage = 55245 B / avg = 15 B
# current buf: size = 8174 B / used = 6267 B / count = 371 / avg = 16 B
# other used: total = 47071 B / count = 3260 / avg = 14 B
# other free: total = 66 B / max = 13 B / min = 4 B / avg = 11 B

# strcache performance: lookups = 3708 / hit rate = 2%
# hash-table stats:
# Load=3631/8192=44%, Rehash=0, Collisions=1321/3708=36%
# Finished Make data base on Thu May 19 2 
1:04:56 2022

 
make.exe: *** No rule to make target 'all'.  Stop.

